<?xml version="1.0" encoding="UTF-8"?>
<testsuite name="GridTest" tests="4" skipped="0" failures="0" errors="0" timestamp="2022-05-30T05:05:24" hostname="ujjwalkumarthoughtworkscoms-MacBook-Pro.local" time="0.025">
  <properties/>
  <testcase name="twoCellsFarFromEachOtherShouldNotBeNeighbour()" classname="GridTest" time="0.017"/>
  <testcase name="twoCellsNextToEachOtherShouldBeNeigbours()" classname="GridTest" time="0.002"/>
  <testcase name="shouldReturnZeroNeighbours()" classname="GridTest" time="0.0"/>
  <testcase name="shouldReturnExactNeighbourCellsWhenACellWith8AliveNeighboursIsCreated()" classname="GridTest" time="0.003"/>
  <system-out><![CDATA[4
]]></system-out>
  <system-err><![CDATA[]]></system-err>
</testsuite>
