<?xml version="1.0" encoding="UTF-8"?>
<testsuite name="GridTest" tests="5" skipped="0" failures="0" errors="0" timestamp="2022-05-20T06:57:07" hostname="ujjwalkumarthoughtworkscoms-MacBook-Pro.local" time="0.023">
  <properties/>
  <testcase name="twoCellsFarFromEachOtherShouldNotBeNeighbour()" classname="GridTest" time="0.016"/>
  <testcase name="twoCellsNextToEachOtherShouldBeNeigbours()" classname="GridTest" time="0.001"/>
  <testcase name="shouldReturnZeroNeighbours()" classname="GridTest" time="0.0"/>
  <testcase name="shouldReturn8NeighboursWhenACellWith8AliveNeighboursIsCreated()" classname="GridTest" time="0.0"/>
  <testcase name="shouldReturnExactNeighbourCellsWhenACellWith8AliveNeighboursIsCreated()" classname="GridTest" time="0.002"/>
  <system-out><![CDATA[4
]]></system-out>
  <system-err><![CDATA[]]></system-err>
</testsuite>
