<?xml version="1.0" encoding="UTF-8"?>
<testsuite name="GridTest" tests="1" skipped="0" failures="0" errors="0" timestamp="2022-05-19T10:22:38" hostname="ujjwalkumarthoughtworkscoms-MacBook-Pro.local" time="0.017">
  <properties/>
  <testcase name="shouldReturnExactNeighbourCellsWhenACellWith8AliveNeighboursIsCreated()" classname="GridTest" time="0.017"/>
  <system-out><![CDATA[4
]]></system-out>
  <system-err><![CDATA[]]></system-err>
</testsuite>
